Время сборки: "11.05.22 18:29:24"
Собираем сборку в E:\FF_2.54.0.899e3

Берем эталонку из \\172.26.24.9\Обновления\АЦК_Финансы\Эталонные_сборки\2.54.0\2.54.0.899
Используется ЕИС \\172.26.24.9\Обновления\АЦК_Финансы\_EIS\12.1.0\19
Используется Отчеты \\172.26.24.9\Обновления\АЦК_Финансы\Отчеты\2.54.0\2.54.0.172
Используется СОФИТ \\172.26.24.9\Обновления\АЦК_Финансы\СОФИТ\_v.2.54.0\2.54.0.860\sofit-2.54.0.860.zip
Используется ТОМКАТ \\172.26.24.9\Обновления\_software_for_azk\_tomcat_for_web-client\apache-tomcat-9.0.43
Используется DelphiXE \\172.26.24.9\Обновления\_software_for_azk\Delphi_XE4_Runtime_BPLs_(применимо_с_АЦК-Ф_2.39)

+ Директория с эталонкой найдена
+ Директория с ЕИС найдена
+ Директория с отчетами найдена
+ Директория с софитом найдена
+ Директория с томкатом найдена
+ Директория с DelphiXE найдена
Все указанные директории найдены. Продолжаем сборку стенда

Распаковываем архив server.zip ... Успешно
Распаковываем архив client.zip ... Успешно
Добавляем Delphi-компоненты в директорию client ... Успешно
Копируем EIS.jar ... Успешно
Распаковываем архив ОТЧЕТЫ ... Успешно
Распаковываем архив СОФИТ ... Успешно
Добавляем файлы schplanstop... ... Успешно
Добавляем файлы azka.bat ... Успешно
Переименовываем порты в StartServer.bat ... Успешно
Переименовываем порты в StartServer.bat ... Успешно
Переименовываем порты в xml.properties ... Успешно
Переименовываем порты в Azk2Clnt.ini ... Успешно
Меняем путь до БД Firebird в Azk2Server.properties ... Успешно
Меняем путь до БД Oracle в Azk2Server.properties ... Успешно
Меняем action в operkind.xml ... Успешно
Меняем action в unidoctype.xml ... Успешно
Меняем action в serverprocessor.xml ... Успешно
Меняем action в reportprocessor.xml ... Успешно
Меняем размер выделеной памяти для JAVA в файле start.bat ... Успешно
Копируем сборку TOMCAT ... Успешно
Копируем файл azk.war ... Успешно
Переименовываем порты в  server.xml ... Успешно
Переименовываем порты в  server.xml ... Успешно

Запускаем томкат для распаковки azk.war
Меняем rmi-порт в настроках томката
Файл настроек найден. Переименовываем порты в web.properties ... Успешно
Удаление файла azk.war...Успешно
----------
Сборка выполнена УСПЕШНО. Пользуйтесь на здоровье 

===========================================================================
В случае проблем и вопросов обращаться к albafoxx (abzaev.albert@gmail.com)
===========================================================================
